Array
(
    [username] => 
    [email] => 
    [password] => 
)
Array
(
    [username] => 
    [email] => 
    [password] => 
)
Array
(
    [username] => 
    [email] => 
    [password] => 
)
Array
(
    [username] => 
    [email] => 
    [password] => 
)
Array
(
    [username] => 
    [email] => 
    [password] => 
)
Array
(
    [username] => 
    [email] => 
    [password] => 
)
Array
(
    [username] => 
    [email] => 
    [password] => 
)
Array
(
    [username] => 
    [email] => 
    [password] => 
)
Array
(
    [username] => 
    [email] => 
    [password] => 
)
Array
(
    [username] => 
    [email] => 
    [password] => 
)
Array
(
    [username] => 
    [email] => 
    [password] => 
)
Array
(
    [username] => 
    [email] => 
    [password] => 
)
Array
(
    [username] => 
    [email] => 
    [password] => 
)
Array
(
    [username] => Vicky
    [email] => gg@gmail.com
    [password] => 
)
Array
(
    [username] => Vicky
    [email] => gg@gmail.com
    [password] => 
)
Array
(
    [username] => 
    [email] => 
    [password] => 
)
Array
(
    [username] => 
    [email] => 
    [password] => 
)
Array
(
    [username] => 
    [email] => 
    [password] => 
)
Array
(
    [username] => 
    [email] => 
    [password] => 
)
Array
(
    [username] => 
    [email] => 
    [password] => 
)
Array
(
    [username] => Vicky
    [email] => 
    [password] => 
)
Array
(
    [username] => Vicky
    [email] => 
    [password] => 
)
Array
(
    [username] => Vicky
    [email] => james@gmail.com
    [password] => 
)
Array
(
    [username] => 
    [email] => 
    [password] => 
)
Array
(
    [username] => Vicky
    [email] => 
    [password] => 
)
Array
(
    [username] => Vicky
    [email] => 
    [password] => 
)
Array
(
    [username] => Vicky
    [email] => 
    [password] => 
)
Array
(
    [username] => Vicky
    [email] => 
    [password] => 
)
Array
(
    [username] => 
    [email] => 
    [password] => 
)
Array
(
    [username] => Vicky
    [email] => 
    [password] => 
)
Array
(
    [username] => Vicky
    [email] => 
    [password] => 
)
Array
(
    [username] => Vicky
    [email] => 
    [password] => 
)
Array
(
    [username] => Vicky
    [email] => 
    [password] => 
)
Array
(
    [username] => Vicky
    [email] => 
    [password] => 
)
Array
(
    [username] => Vicky
    [email] => 
    [password] => 
)
Array
(
    [username] => Vicky
    [email] => james@gmail.com
    [password] => 12345
)
Array
(
    [username] => Vicky
    [email] => james@gmail.com
    [password] => 12345
)
Array
(
    [username] => Vicky
    [email] => james@gmail.com
    [password] => 1234
)
Array
(
    [username] => VickyPaul
    [email] => test@gmail.com
    [password] => test143
)
Array
(
    [username] => VickyPaul
    [email] => test@gmail.com
    [password] => test23
)
Array
(
    [username] => VickyPaul
    [email] => test@gmail.com
    [password] => Test@Test254
)
Array
(
    [username] => VickyPaul
    [email] => test@gmail.com
    [password] => Test@Test254
)
Array
(
    [username] => VickyPaul
    [email] => test@gmail.com
    [password] => Test@Test254!
)
Array
(
    [username] => VickyPaul
    [email] => test@gmail.com
    [password] => Test@test254
)
Array
(
    [username] => VickyPaul
    [email] => test@gmail.com
    [password] => TestMe_test243
)
Array
(
    [username] => VickyPaul
    [email] => test@gmail.com
    [password] => TestTest23!
)
Array
(
    [username] => Tom
    [email] => test@gmail.com
    [password] => Tom@Tom254!
)
Array
(
    [username] => Tom
    [email] => test@gmail.com
    [password] => Vickypaulxh2@
)
Array
(
    [username] => Tom
    [email] => test@gmail.com
    [password] => Vickyxh2@Vicky2
)
Array
(
    [username] => Tom
    [email] => test@gmail.com
    [password] => Btittum@2
)
Array
(
    [username] => Vicky
    [email] => test@gmail.com
    [password] => Btititum2@
)
Array
(
    [username] => Vicky
    [email] => test@gmail.com
    [password] => Btititum2@
)
Array
(
    [username] => 
    [email] => 
    [password] => Tumtum@@2
)
Array
(
    [username] => Vicky
    [email] => james@gmail.com
    [password] => Vickyjames2@
)
Array
(
    [username] => btit/461j/2019
    [email] => test@gmail.com
    [password] => Tumtum@223
)
Array
(
    [username] => btit/461j/2019
    [email] => test@gmail.com
    [password] => 
)
Array
(
    [username] => Brian
    [email] => brian@gmail.com
    [password] => Brianbrian2@
)
Array
(
    [username] => Brian
    [email] => brian@gmail.com
    [password] => Briabrian@@2
)
Array
(
    [username] => Brian
    [email] => brian@gmail.com
    [password] => Brianbrian@32
)
Array
(
    [username] => Brian
    [email] => brian@gmail.com
    [password] => Brianbrian2@
)
Array
(
    [username] => Brian
    [email] => brian@gmail.com
    [password] => Brianjammes@22
)
Array
(
    [username] => root
    [email] => brian@gmail.com
    [password] => 
)
Array
(
    [username] => root
    [email] => brian@gmail.com
    [password] => 
)
Array
(
    [username] => bri
    [email] => 
    [password] => 
)
Array
(
    [username] => Brian
    [email] => brian@gmail.com
    [password] => 
)
Array
(
    [username] => Brian
    [email] => brian@gmail.com
    [password] => 
)
Array
(
    [username] => Brian
    [email] => brian@gmail.com
    [password] => 
)
Array
(
    [username] => Brian
    [email] => brian@gmail.com
    [password] => 
)
Array
(
    [username] => root
    [email] => brian@gmail.com
    [password] => 
)
Array
(
    [username] => Vickypaul
    [email] => vickypaul@gmail.com
    [password] => Vickyxh2@vicky2!
)
Array
(
    [username] => Vickypaul
    [email] => vickypaul@gmail.com
    [password] => Vickypaul254@254!
)
Array
(
    [username] => Vickypaul
    [email] => vickypaul@gmail.com
    [password] => Vickypaul254@
)
Array
(
    [username] => Vickypaul
    [email] => vickypaul@gmail.com
    [password] => Vickypaul@2Vicky
)
